<?xml version="1.0" encoding="UTF-8"?>
<!-- Generated by org.testng.reporters.JUnitReportReporter -->
<testsuite hostname="ue-HP-EliteBook-840-G2" failures="0" tests="2" name="com.qa.UGweb.tests.LoginPageTest" time="56.823" errors="0" timestamp="08 Apr 2020 12:43:21 GMT" skipped="0">
  <testcase classname="com.qa.UGweb.tests.LoginPageTest" name="verifyLoginPageTitleTest" time="22.641"/>
  <testcase classname="com.qa.UGweb.tests.LoginPageTest" name="loginTest" time="34.182"/>
</testsuite> <!-- com.qa.UGweb.tests.LoginPageTest -->
